✅ 2025-09-13T08:21:59.520Z SUCCESS › Connected to MongoDB mongodb+srv://duckeydev:duckeydev@halfpasttwelve.m6kej2a.mongodb.net/CentralSquare?authSource=admin
✅ 2025-09-13T08:21:59.636Z SUCCESS › ElysiaJS running at http://localhost:1933
✅ 2025-09-13T08:21:59.745Z SUCCESS › Fake SSH shell listening on 2222
ℹ️  2025-09-13T08:23:21.915Z INFO › SSH client connected
ℹ️  2025-09-13T08:23:57.544Z INFO › SSH client connected
✅ 2025-09-13T09:15:33.747Z SUCCESS › Connected to MongoDB mongodb+srv://duckeydev:duckeydev@halfpasttwelve.m6kej2a.mongodb.net/CentralSquare?authSource=admin
✅ 2025-09-13T09:15:33.806Z SUCCESS › ElysiaJS running at http://localhost:1933
✅ 2025-09-13T09:15:33.848Z SUCCESS › Fake SSH shell listening on 2222
ℹ️  2025-09-13T09:15:46.665Z INFO › SSH client connected
✅ 2025-09-13T14:29:53.893Z SUCCESS › Connected to MongoDB mongodb+srv://duckeydev:duckeydev@halfpasttwelve.m6kej2a.mongodb.net/CentralSquare?authSource=admin
✅ 2025-09-13T14:29:54.002Z SUCCESS › ElysiaJS running at http://localhost:1933
✅ 2025-09-13T14:29:54.105Z SUCCESS › Fake SSH shell listening on 2222
✅ 2025-09-17T14:55:44.977Z SUCCESS › Connected to MongoDB mongodb+srv://duckeydev:duckeydev@halfpasttwelve.m6kej2a.mongodb.net/CentralSquare
✅ 2025-09-17T14:55:45.008Z SUCCESS › ElysiaJS running at http://localhost:1933
✅ 2025-09-17T14:55:45.028Z SUCCESS › Fake SSH shell listening on 2222
✅ 2025-09-17T14:57:12.115Z SUCCESS › Connected to MongoDB mongodb+srv://duckeydev:duckeydev@halfpasttwelve.m6kej2a.mongodb.net/CentralSquare
✅ 2025-09-17T14:57:12.131Z SUCCESS › ElysiaJS running at http://localhost:1933
✅ 2025-09-17T14:57:12.144Z SUCCESS › Fake SSH shell listening on 2222
✅ 2025-09-17T14:58:31.497Z SUCCESS › Connected to MongoDB mongodb+srv://duckeydev:duckeydev@halfpasttwelve.m6kej2a.mongodb.net/CentralSquare
✅ 2025-09-17T14:58:31.523Z SUCCESS › ElysiaJS running at http://localhost:1933
✅ 2025-09-17T14:58:31.536Z SUCCESS › Fake SSH shell listening on 2222
✅ 2025-09-18T04:46:13.466Z SUCCESS › Connected to MongoDB mongodb+srv://duckeydev:duckeydev@halfpasttwelve.m6kej2a.mongodb.net/CentralSquare
✅ 2025-09-18T04:46:13.480Z SUCCESS › ElysiaJS running at http://localhost:1933
✅ 2025-09-18T04:46:13.488Z SUCCESS › Fake SSH shell listening on 2222
✅ 2025-09-18T04:47:34.013Z SUCCESS › Connected to MongoDB mongodb+srv://duckeydev:duckeydev@halfpasttwelve.m6kej2a.mongodb.net/CentralSquare
✅ 2025-09-18T04:47:34.038Z SUCCESS › ElysiaJS running at http://localhost:1933
✅ 2025-09-18T04:47:34.051Z SUCCESS › Fake SSH shell listening on 2222
✅ 2025-09-18T04:48:47.248Z SUCCESS › Connected to MongoDB mongodb+srv://duckeydev:duckeydev@halfpasttwelve.m6kej2a.mongodb.net/CentralSquare
✅ 2025-09-18T04:48:47.268Z SUCCESS › ElysiaJS running at http://localhost:1933
✅ 2025-09-18T04:48:47.282Z SUCCESS › Fake SSH shell listening on 2222
✅ 2025-09-18T04:49:36.051Z SUCCESS › Connected to MongoDB mongodb+srv://duckeydev:duckeydev@halfpasttwelve.m6kej2a.mongodb.net/CentralSquare
✅ 2025-09-18T04:49:36.067Z SUCCESS › ElysiaJS running at http://localhost:1933
✅ 2025-09-18T04:49:36.081Z SUCCESS › Fake SSH shell listening on 2222
✅ 2025-09-18T04:56:18.946Z SUCCESS › Connected to MongoDB mongodb+srv://duckeydev:duckeydev@halfpasttwelve.m6kej2a.mongodb.net/CentralSquare
✅ 2025-09-18T04:56:18.964Z SUCCESS › ElysiaJS running at http://localhost:1933
✅ 2025-09-18T04:56:18.977Z SUCCESS › Fake SSH shell listening on 2222
✅ 2025-09-18T05:01:19.827Z SUCCESS › Connected to MongoDB mongodb+srv://duckeydev:duckeydev@halfpasttwelve.m6kej2a.mongodb.net/CentralSquare
✅ 2025-09-18T05:01:19.844Z SUCCESS › ElysiaJS running at http://localhost:1933
✅ 2025-09-18T05:01:19.860Z SUCCESS › Fake SSH shell listening on 2222
✅ 2025-09-18T06:05:35.292Z SUCCESS › Connected to MongoDB mongodb+srv://duckeydev:duckeydev@halfpasttwelve.m6kej2a.mongodb.net/CentralSquare
✅ 2025-09-18T06:05:35.308Z SUCCESS › ElysiaJS running at http://localhost:1933
✅ 2025-09-18T06:05:35.324Z SUCCESS › Fake SSH shell listening on 2222
✅ 2025-09-18T06:16:46.166Z SUCCESS › Connected to MongoDB mongodb+srv://duckeydev:duckeydev@halfpasttwelve.m6kej2a.mongodb.net/CentralSquare
✅ 2025-09-18T06:16:46.183Z SUCCESS › ElysiaJS running at http://localhost:1933
✅ 2025-09-18T06:16:46.208Z SUCCESS › Fake SSH shell listening on 2222
✅ 2025-09-19T01:00:50.109Z SUCCESS › Connected to MongoDB mongodb+srv://duckeydev:duckeydev@halfpasttwelve.m6kej2a.mongodb.net/CentralSquare
✅ 2025-09-19T01:00:50.194Z SUCCESS › ElysiaJS running at http://localhost:1933
✅ 2025-09-19T01:00:50.263Z SUCCESS › Fake SSH shell listening on 2222
✅ 2025-09-19T05:35:14.245Z SUCCESS › Connected to MongoDB mongodb+srv://duckeydev:duckeydev@halfpasttwelve.m6kej2a.mongodb.net/CentralSquare
✅ 2025-09-19T05:35:14.266Z SUCCESS › ElysiaJS running at http://localhost:1933
✅ 2025-09-19T05:35:14.276Z SUCCESS › Fake SSH shell listening on 2222
✅ 2025-09-19T16:00:04.403Z SUCCESS › Connected to MongoDB mongodb+srv://duckeydev:duckeydev@halfpasttwelve.m6kej2a.mongodb.net/CentralSquare
✅ 2025-09-19T16:00:04.430Z SUCCESS › ElysiaJS running at http://localhost:1933
✅ 2025-09-19T16:00:04.448Z SUCCESS › Fake SSH shell listening on 2222
✅ 2025-09-19T18:47:28.274Z SUCCESS › Connected to MongoDB mongodb+srv://duckeydev:duckeydev@halfpasttwelve.m6kej2a.mongodb.net/CentralSquare
✅ 2025-09-19T18:47:28.293Z SUCCESS › ElysiaJS running at http://localhost:1933
✅ 2025-09-19T18:47:28.311Z SUCCESS › Fake SSH shell listening on 2222
